(.venv) boris@home:~/me/ya-practicum/architecture/sprint5/architecture-sprint-5/rasa$ rasa run actions --debug
/home/boris/me/ya-practicum/architecture/sprint5/architecture-sprint-5/.venv/lib/python3.9/site-packages/rasa/core/tracker_store.py:1044: MovedIn20Warning: Deprecated API features detected! These feature(s) are not compatible with SQLAlchemy 2.0. To prevent incompatible upgrades prior to updating applications, ensure requirements files are pinned to "sqlalchemy<2.0". Set environment variable SQLALCHEMY_WARN_20=1 to show all deprecation warnings.  Set environment variable SQLALCHEMY_SILENCE_UBER_WARNING=1 to silence this message. (Background on SQLAlchemy 2.0 at: https://sqlalche.me/e/b8d9)
  Base: DeclarativeMeta = declarative_base()
/home/boris/me/ya-practicum/architecture/sprint5/architecture-sprint-5/.venv/lib/python3.9/site-packages/rasa/shared/utils/validation.py:134: DeprecationWarning: pkg_resources is deprecated as an API. See https://setuptools.pypa.io/en/latest/pkg_resources.html
  import pkg_resources
/home/boris/me/ya-practicum/architecture/sprint5/architecture-sprint-5/.venv/lib/python3.9/site-packages/pkg_resources/__init__.py:2871: DeprecationWarning: Deprecated call to `pkg_resources.declare_namespace('mpl_toolkits')`.
Implementing implicit namespace packages (as specified in PEP 420) is preferred to `pkg_resources.declare_namespace`. See https://setuptools.pypa.io/en/latest/references/keywords.html#keyword-namespace-packages
  declare_namespace(pkg)
/home/boris/me/ya-practicum/architecture/sprint5/architecture-sprint-5/.venv/lib/python3.9/site-packages/pkg_resources/__init__.py:2871: DeprecationWarning: Deprecated call to `pkg_resources.declare_namespace('ruamel')`.
Implementing implicit namespace packages (as specified in PEP 420) is preferred to `pkg_resources.declare_namespace`. See https://setuptools.pypa.io/en/latest/references/keywords.html#keyword-namespace-packages
  declare_namespace(pkg)
/home/boris/me/ya-practicum/architecture/sprint5/architecture-sprint-5/.venv/lib/python3.9/site-packages/sanic_cors/extension.py:39: DeprecationWarning: distutils Version classes are deprecated. Use packaging.version instead.
  SANIC_VERSION = LooseVersion(sanic_version)
2024-10-13 18:46:12 INFO     rasa_sdk.endpoint  - Starting action endpoint server...
2024-10-13 18:46:12 INFO     rasa_sdk.executor  - Registered function for 'action_microservice_info'.
2024-10-13 18:46:12 INFO     rasa_sdk.endpoint  - Starting plugins...
2024-10-13 18:46:12 DEBUG    rasa_sdk.plugin  - No plugins found: No module named 'rasa_sdk_plugins'
2024-10-13 18:46:12 INFO     rasa_sdk.endpoint  - Action endpoint is up and running on http://0.0.0.0:5055
2024-10-13 18:46:12 DEBUG    rasa_sdk.utils  - Using the default number of Sanic workers (1).
2024-10-13 18:47:16 DEBUG    rasa_sdk.executor  - Received request to run 'action_microservice_info'
2024-10-13 18:47:16 DEBUG    rasa_sdk.executor  - Finished running 'action_microservice_info'
